{"numFailedTestSuites":1,"numFailedTests":0,"numPassedTestSuites":1,"numPassedTests":1,"numPendingTestSuites":0,"numPendingTests":0,"numRuntimeErrorTestSuites":1,"numTodoTests":0,"numTotalTestSuites":2,"numTotalTests":1,"openHandles":[],"snapshot":{"added":0,"didUpdate":false,"failure":false,"filesAdded":0,"filesRemoved":0,"filesRemovedList":[],"filesUnmatched":0,"filesUpdated":0,"matched":0,"total":0,"unchecked":0,"uncheckedKeysByFile":[],"unmatched":0,"updated":0},"startTime":1773088688169,"success":false,"testResults":[{"assertionResults":[{"ancestorTitles":["AppController","root"],"duration":8,"failureDetails":[],"failureMessages":[],"fullName":"AppController root should return \"Hello World!\"","invocations":1,"location":null,"numPassingAsserts":1,"retryReasons":[],"status":"passed","title":"should return \"Hello World!\""}],"endTime":1773088690448,"message":"","name":"C:\\Users\\OKOKL\\.gemini\\antigravity\\scratch\\recommendation-service\\src\\app.controller.spec.ts","startTime":1773088688655,"status":"passed","summary":""},{"assertionResults":[],"coverage":{},"endTime":1773088690745,"message":"  \u001b[1m● \u001b[22mTest suite failed to run\n\n    Cannot find module '.prisma/client/default' from '../node_modules/@prisma/client/default.js'\n\n    Require stack:\n      C:/Users/OKOKL/.gemini/antigravity/scratch/recommendation-service/node_modules/@prisma/client/default.js\n      prisma/prisma.service.ts\n      data-fetch/data-fetch.service.ts\n      user/user.service.ts\n      user/user.service.spec.ts\n\n    \u001b[0m \u001b[90m 1 |\u001b[39m \u001b[36mimport\u001b[39m { \u001b[33mInjectable\u001b[39m\u001b[33m,\u001b[39m \u001b[33mOnModuleInit\u001b[39m } \u001b[36mfrom\u001b[39m \u001b[32m'@nestjs/common'\u001b[39m\u001b[33m;\u001b[39m\n    \u001b[31m\u001b[1m>\u001b[22m\u001b[39m\u001b[90m 2 |\u001b[39m \u001b[36mimport\u001b[39m { \u001b[33mPrismaClient\u001b[39m } \u001b[36mfrom\u001b[39m \u001b[32m'@prisma/client'\u001b[39m\u001b[33m;\u001b[39m\n     \u001b[90m   |\u001b[39m \u001b[31m\u001b[1m^\u001b[22m\u001b[39m\n     \u001b[90m 3 |\u001b[39m\n     \u001b[90m 4 |\u001b[39m \u001b[33m@\u001b[39m\u001b[33mInjectable\u001b[39m()\n     \u001b[90m 5 |\u001b[39m \u001b[36mexport\u001b[39m \u001b[36mclass\u001b[39m \u001b[33mPrismaService\u001b[39m \u001b[36mextends\u001b[39m \u001b[33mPrismaClient\u001b[39m \u001b[36mimplements\u001b[39m \u001b[33mOnModuleInit\u001b[39m {\u001b[0m\n\n      \u001b[2mat Resolver._throwModNotFoundError (\u001b[22m../node_modules/jest-resolve/build/resolver.js\u001b[2m:427:11)\u001b[22m\n      \u001b[2mat Object.<anonymous> (\u001b[22m../node_modules/@prisma/client/default.js\u001b[2m:2:6)\u001b[22m\n      \u001b[2mat Object.<anonymous> (\u001b[22mprisma/prisma.service.ts\u001b[2m:2:1)\u001b[22m\n      \u001b[2mat Object.<anonymous> (\u001b[22mdata-fetch/data-fetch.service.ts\u001b[2m:2:1)\u001b[22m\n      \u001b[2mat Object.<anonymous> (\u001b[22muser/user.service.ts\u001b[2m:3:1)\u001b[22m\n      \u001b[2mat Object.<anonymous> (\u001b[22m\u001b[0m\u001b[36muser/user.service.spec.ts\u001b[39m\u001b[0m\u001b[2m:2:1)\u001b[22m\n","name":"C:\\Users\\OKOKL\\.gemini\\antigravity\\scratch\\recommendation-service\\src\\user\\user.service.spec.ts","startTime":1773088690745,"status":"failed","summary":""}],"wasInterrupted":false}
